<?xml version="1.0" encoding="UTF-8"?>
<!-- Generated by org.testng.reporters.JUnitReportReporter -->
<testsuite hostname="marcelos-MacBook-Air.local" failures="0" tests="11" name="test.TaxCalculatorTests" time="0.130" errors="0" timestamp="2020-07-19T17:43:00 CDT" skipped="0">
  <testcase classname="test.TaxCalculatorTests" name="testCalculateTaxRate_SalesAndImported" time="0.002"/>
  <system-out/>
  <testcase classname="test.TaxCalculatorTests" name="testCalculateTaxRate_Imported" time="0.034"/>
  <system-out/>
  <testcase classname="test.TaxCalculatorTests" name="testCalculateTotal_salesAndImport" time="0.002"/>
  <system-out/>
  <testcase classname="test.TaxCalculatorTests" name="testCalculateTax_NotSalesAndNotImported" time="0.060"/>
  <system-out/>
  <testcase classname="test.TaxCalculatorTests" name="testCalculateTax_salesAndImport" time="0.004"/>
  <system-out/>
  <testcase classname="test.TaxCalculatorTests" name="testCalculateTaxRate_Sales" time="0.003"/>
  <system-out/>
  <testcase classname="test.TaxCalculatorTests" name="testCalculateTax_import" time="0.003"/>
  <system-out/>
  <testcase classname="test.TaxCalculatorTests" name="testCalculateTotal_Sales" time="0.004"/>
  <system-out/>
  <testcase classname="test.TaxCalculatorTests" name="testCalculateTaxRate_NotSalesAndNotImported" time="0.002"/>
  <system-out/>
  <testcase classname="test.TaxCalculatorTests" name="testCalculateTotal_Import" time="0.006"/>
  <system-out/>
  <testcase classname="test.TaxCalculatorTests" name="testCalculateTax_sales" time="0.010"/>
  <system-out/>
</testsuite> <!-- test.TaxCalculatorTests -->
