<?xml version="1.0" encoding="UTF-8"?>
<!-- Generated by org.testng.reporters.JUnitReportReporter -->
<testsuite hostname="marcelos-Air.lan1" failures="0" tests="2" name="test.ReceiptViewTests" time="0.097" errors="0" timestamp="2020-07-17T18:52:09 CDT" skipped="0">
  <testcase classname="test.ReceiptViewTests" name="testPrePrint_singleItem" time="0.008"/>
  <system-out/>
  <testcase classname="test.ReceiptViewTests" name="testPrePrint_multipleItems" time="0.089"/>
  <system-out/>
</testsuite> <!-- test.ReceiptViewTests -->
