<?xml version="1.0" encoding="UTF-8"?>
<!-- Generated by org.testng.reporters.JUnitReportReporter -->
<testsuite hostname="marcelos-Air.lan1" failures="0" tests="1" name="test.TaxCalculatorTests" time="0.016" errors="0" timestamp="2020-07-19T13:07:04 CDT" skipped="0">
  <testcase classname="test.TaxCalculatorTests" name="testCalculateTaxRate_Sales" time="0.016"/>
  <system-out/>
</testsuite> <!-- test.TaxCalculatorTests -->
