<?xml version="1.0" encoding="UTF-8"?>
<!-- Generated by org.testng.reporters.JUnitReportReporter -->
<testsuite hostname="marcelos-MacBook-Air.local" failures="0" tests="2" name="test.ReceiptViewTests" time="0.063" errors="0" timestamp="2020-07-19T16:17:27 CDT" skipped="0">
  <testcase classname="test.ReceiptViewTests" name="testPrePrint_singleItem" time="0.004"/>
  <system-out/>
  <testcase classname="test.ReceiptViewTests" name="testPrePrint_multipleItems" time="0.059"/>
  <system-out/>
</testsuite> <!-- test.ReceiptViewTests -->
