<?xml version="1.0" encoding="UTF-8"?>
<!-- Generated by org.testng.reporters.JUnitReportReporter -->
<testsuite hostname="marcelos-MacBook-Air.local" failures="0" tests="1" name="test.CalculateTotalOrderTest" time="0.067" errors="0" timestamp="2020-07-19T16:39:18 CDT" skipped="0">
  <testcase classname="test.CalculateTotalOrderTest" name="testCalculateTotalTax" time="0.067"/>
  <system-out/>
</testsuite> <!-- test.CalculateTotalOrderTest -->
