<?xml version="1.0" encoding="UTF-8"?>
<!-- Generated by org.testng.reporters.JUnitReportReporter -->
<testsuite hostname="marcelos-MacBook-Air.local" failures="0" tests="2" name="test.CalculateTotalOrderTest" time="0.067" errors="0" timestamp="2020-07-19T17:05:31 CDT" skipped="0">
  <testcase classname="test.CalculateTotalOrderTest" name="testCalculateMultipleItemsTaxTotal" time="0.063"/>
  <system-out/>
  <testcase classname="test.CalculateTotalOrderTest" name="testCalculateMultipleItemsTotalPrice" time="0.004"/>
  <system-out/>
</testsuite> <!-- test.CalculateTotalOrderTest -->
