<?xml version="1.0" encoding="UTF-8"?>
<!-- Generated by org.testng.reporters.JUnitReportReporter -->
<testsuite hostname="marcelos-Air.lan1" failures="0" tests="7" name="test.TaxCalculatorTests" time="0.087" errors="0" timestamp="2020-07-19T14:14:02 CDT" skipped="0">
  <testcase classname="test.TaxCalculatorTests" name="testCalculateTaxRate_SalesAndImported" time="0.001"/>
  <system-out/>
  <testcase classname="test.TaxCalculatorTests" name="testCalculateTaxRate_NotSalesAndNotImported" time="0.003"/>
  <system-out/>
  <testcase classname="test.TaxCalculatorTests" name="testCalculateTax_import" time="0.045"/>
  <system-out/>
  <testcase classname="test.TaxCalculatorTests" name="testCalculateTaxRate_Imported" time="0.028"/>
  <system-out/>
  <testcase classname="test.TaxCalculatorTests" name="testCalculateTax_salesAndimport" time="0.003"/>
  <system-out/>
  <testcase classname="test.TaxCalculatorTests" name="testCalculateTaxRate_Sales" time="0.001"/>
  <system-out/>
  <testcase classname="test.TaxCalculatorTests" name="testCalculateTax_sales" time="0.006"/>
  <system-out/>
</testsuite> <!-- test.TaxCalculatorTests -->
